<?xml version="1.0" encoding="UTF-8"?>
<testsuite name="com.group.libraryapp.calculator.CalculatorTest" tests="5" skipped="0" failures="0" errors="0" timestamp="2024-06-18T08:18:19" hostname="MacBook-Air-2.local" time="0.026">
  <properties/>
  <testcase name="divideTest()" classname="com.group.libraryapp.calculator.CalculatorTest" time="0.021"/>
  <testcase name="addTest()" classname="com.group.libraryapp.calculator.CalculatorTest" time="0.001"/>
  <testcase name="multipleTest()" classname="com.group.libraryapp.calculator.CalculatorTest" time="0.0"/>
  <testcase name="divideExceptionTest()" classname="com.group.libraryapp.calculator.CalculatorTest" time="0.003"/>
  <testcase name="minusTest()" classname="com.group.libraryapp.calculator.CalculatorTest" time="0.0"/>
  <system-out><![CDATA[모든 테스트 시작 전
각 테스트 시작 전
각 테스트 종료 후
각 테스트 시작 전
각 테스트 종료 후
각 테스트 시작 전
각 테스트 종료 후
각 테스트 시작 전
각 테스트 종료 후
각 테스트 시작 전
각 테스트 종료 후
모든 테스트 종료 후
]]></system-out>
  <system-err><![CDATA[]]></system-err>
</testsuite>
